<?xml version="1.0" encoding="UTF-8"?>
<testsuite name="HangmanTest" tests="9" skipped="0" failures="0" errors="0" timestamp="2016-02-03T03:43:41" hostname="CNlfgao.local" time="0.005">
  <properties/>
  <testcase name="testHangmanShouldAcceptARightLetter" classname="HangmanTest" time="0.004"/>
  <testcase name="testHangmanShouldWinTheGameWithErrorTyping" classname="HangmanTest" time="0.0"/>
  <testcase name="testHangmanShouldNotAcceptAnExistLetter" classname="HangmanTest" time="0.0"/>
  <testcase name="testHangmanShouldLostTheGameWhenTryTimesIsOver" classname="HangmanTest" time="0.0"/>
  <testcase name="testHangmanShouldLostTheGame" classname="HangmanTest" time="0.0"/>
  <testcase name="testHangmanShouldNotAcceptWrongLetter" classname="HangmanTest" time="0.0"/>
  <testcase name="testHangmanShouldWinTheGame" classname="HangmanTest" time="0.0"/>
  <testcase name="testHangmanShouldStartWithWordApplication" classname="HangmanTest" time="0.0"/>
  <testcase name="testHangmanShouldStartWithWordApple" classname="HangmanTest" time="0.0"/>
  <system-out><![CDATA[]]></system-out>
  <system-err><![CDATA[]]></system-err>
</testsuite>
